<?xml version="1.0" encoding="UTF-8"?>
<!-- Generated by org.testng.reporters.JUnitReportReporter -->
<testsuite hostname="ULTP_336" name="Plumber.tests.Test_NoJobsAssigned" tests="1" failures="1" timestamp="12 Oct 2015 07:04:43 GMT" time="87.303" errors="0">
  <testcase name="verifyFinishJobOnPlumberUnavailability" time="87.303" classname="Plumber.tests.Test_NoJobsAssigned">
    <failure type="org.openqa.selenium.NoSuchElementException" message="An element could not be located on the page using the given search parameters. (WARNING: The server did not provide any stacktrace information)
Command duration or timeout: 80.08 seconds
For documentation on this error, please visit: http://seleniumhq.org/exceptions/no_such_element.html
Build info: version: &#039;2.47.1&#039;, revision: &#039;unknown&#039;, time: &#039;2015-07-30 11:02:44&#039;
System info: host: &#039;ULTP_336&#039;, ip: &#039;172.25.36.15&#039;, os.name: &#039;Windows 7&#039;, os.arch: &#039;amd64&#039;, os.version: &#039;6.1&#039;, java.version: &#039;1.7.0_55&#039;
*** Element info: {Using=id, value=android:id/message}
Session ID: 3e60efed-9d4f-41b7-ab55-32b5955042a5
Driver info: io.appium.java_client.android.AndroidDriver
Capabilities [{platform=LINUX, app=F:\Knowledge Base\Appium\workspaceAppium\PunePlumber\fileApk\PunePlumbers.apk, javascriptEnabled=true, appActivity=com.peninsula.plumber.activity.SplashScreenActivity, browserName=Android, networkConnectionEnabled=true, desired={app=F:\Knowledge Base\Appium\workspaceAppium\PunePlumber\fileApk\PunePlumbers.apk, deviceName=ZX1D629BD6, platformName=Android, VERSION=5.0.1, appActivity=com.peninsula.plumber.activity.SplashScreenActivity, appPackage=com.peninsula.plumber, BROWSER_NAME=Android}, locationContextEnabled=false, appPackage=com.peninsula.plumber, BROWSER_NAME=Android, platformVersion=5.0.2, databaseEnabled=false, deviceName=ZX1D629BD6, platformName=Android, VERSION=5.0.1, webStorageEnabled=false, warnings={}, takesScreenshot=true}]">
      <![CDATA[org.openqa.selenium.NoSuchElementException: An element could not be located on the page using the given search parameters. (WARNING: The server did not provide any stacktrace information)
Command duration or timeout: 80.08 seconds
For documentation on this error, please visit: http://seleniumhq.org/exceptions/no_such_element.html
Build info: version: '2.47.1', revision: 'unknown', time: '2015-07-30 11:02:44'
System info: host: 'ULTP_336', ip: '172.25.36.15', os.name: 'Windows 7', os.arch: 'amd64', os.version: '6.1', java.version: '1.7.0_55'
*** Element info: {Using=id, value=android:id/message}
Session ID: 3e60efed-9d4f-41b7-ab55-32b5955042a5
Driver info: io.appium.java_client.android.AndroidDriver
Capabilities [{platform=LINUX, app=F:\Knowledge Base\Appium\workspaceAppium\PunePlumber\fileApk\PunePlumbers.apk, javascriptEnabled=true, appActivity=com.peninsula.plumber.activity.SplashScreenActivity, browserName=Android, networkConnectionEnabled=true, desired={app=F:\Knowledge Base\Appium\workspaceAppium\PunePlumber\fileApk\PunePlumbers.apk, deviceName=ZX1D629BD6, platformName=Android, VERSION=5.0.1, appActivity=com.peninsula.plumber.activity.SplashScreenActivity, appPackage=com.peninsula.plumber, BROWSER_NAME=Android}, locationContextEnabled=false, appPackage=com.peninsula.plumber, BROWSER_NAME=Android, platformVersion=5.0.2, databaseEnabled=false, deviceName=ZX1D629BD6, platformName=Android, VERSION=5.0.1, webStorageEnabled=false, warnings={}, takesScreenshot=true}]
	at sun.reflect.NativeConstructorAccessorImpl.newInstance0(Native Method)
	at sun.reflect.NativeConstructorAccessorImpl.newInstance(Unknown Source)
	at sun.reflect.DelegatingConstructorAccessorImpl.newInstance(Unknown Source)
	at java.lang.reflect.Constructor.newInstance(Unknown Source)
	at org.openqa.selenium.remote.ErrorHandler.createThrowable(ErrorHandler.java:206)
	at org.openqa.selenium.remote.ErrorHandler.throwIfResponseFailed(ErrorHandler.java:158)
	at org.openqa.selenium.remote.RemoteWebDriver.execute(RemoteWebDriver.java:595)
	at io.appium.java_client.DefaultGenericMobileDriver.execute(DefaultGenericMobileDriver.java:42)
	at io.appium.java_client.AppiumDriver.execute(AppiumDriver.java:1)
	at io.appium.java_client.android.AndroidDriver.execute(AndroidDriver.java:1)
	at org.openqa.selenium.remote.RemoteWebDriver.findElement(RemoteWebDriver.java:348)
	at org.openqa.selenium.remote.RemoteWebDriver.findElementById(RemoteWebDriver.java:389)
	at io.appium.java_client.DefaultGenericMobileDriver.findElementById(DefaultGenericMobileDriver.java:62)
	at io.appium.java_client.AppiumDriver.findElementById(AppiumDriver.java:1)
	at io.appium.java_client.android.AndroidDriver.findElementById(AndroidDriver.java:1)
	at org.openqa.selenium.By$ById.findElement(By.java:215)
	at org.openqa.selenium.remote.RemoteWebDriver.findElement(RemoteWebDriver.java:340)
	at io.appium.java_client.DefaultGenericMobileDriver.findElement(DefaultGenericMobileDriver.java:52)
	at io.appium.java_client.AppiumDriver.findElement(AppiumDriver.java:1)
	at io.appium.java_client.android.AndroidDriver.findElement(AndroidDriver.java:1)
	at org.openqa.selenium.support.pagefactory.DefaultElementLocator.findElement(DefaultElementLocator.java:69)
	at org.openqa.selenium.support.pagefactory.internal.LocatingElementHandler.invoke(LocatingElementHandler.java:38)
	at com.sun.proxy.$Proxy10.getText(Unknown Source)
	at Plumber.pages.PendingJobsPage.getErrorMsg(PendingJobsPage.java:94)
	at Plumber.tests.Test_NoJobsAssigned.verifyFinishJobOnPlumberUnavailability(Test_NoJobsAssigned.java:34)
	at sun.reflect.NativeMethodAccessorImpl.invoke0(Native Method)
	at sun.reflect.NativeMethodAccessorImpl.invoke(Unknown Source)
	at sun.reflect.DelegatingMethodAccessorImpl.invoke(Unknown Source)
	at java.lang.reflect.Method.invoke(Unknown Source)
	at org.testng.internal.MethodInvocationHelper.invokeMethod(MethodInvocationHelper.java:84)
	at org.testng.internal.Invoker.invokeMethod(Invoker.java:714)
	at org.testng.internal.Invoker.invokeTestMethod(Invoker.java:901)
	at org.testng.internal.Invoker.invokeTestMethods(Invoker.java:1231)
	at org.testng.internal.TestMethodWorker.invokeTestMethods(TestMethodWorker.java:127)
	at org.testng.internal.TestMethodWorker.run(TestMethodWorker.java:111)
	at org.testng.TestRunner.privateRun(TestRunner.java:767)
	at org.testng.TestRunner.run(TestRunner.java:617)
	at org.testng.SuiteRunner.runTest(SuiteRunner.java:334)
	at org.testng.SuiteRunner.runSequentially(SuiteRunner.java:329)
	at org.testng.SuiteRunner.privateRun(SuiteRunner.java:291)
	at org.testng.SuiteRunner.run(SuiteRunner.java:240)
	at org.testng.SuiteRunnerWorker.runSuite(SuiteRunnerWorker.java:52)
	at org.testng.SuiteRunnerWorker.run(SuiteRunnerWorker.java:86)
	at org.testng.TestNG.runSuitesSequentially(TestNG.java:1224)
	at org.testng.TestNG.runSuitesLocally(TestNG.java:1149)
	at org.testng.TestNG.run(TestNG.java:1057)
	at org.testng.remote.RemoteTestNG.run(RemoteTestNG.java:111)
	at org.testng.remote.RemoteTestNG.initAndRun(RemoteTestNG.java:204)
	at org.testng.remote.RemoteTestNG.main(RemoteTestNG.java:175)
]]>
    </failure>
  </testcase> <!-- verifyFinishJobOnPlumberUnavailability -->
</testsuite> <!-- Plumber.tests.Test_NoJobsAssigned -->
