<?xml version="1.0" encoding="UTF-8"?>
<!-- Generated by org.testng.reporters.JUnitXMLReporter -->
<testsuite hostname="ULTP_336" name="LoginLogout" tests="5" failures="1" timestamp="12 Oct 2015 07:04:43 GMT" time="446.681" errors="0">
  <testcase name="loginTest" time="64.316" classname="Plumber.tests.Test_LoginLogout"/>
  <testcase name="logoutTest" time="3.808" classname="Plumber.tests.Test_LoginLogout"/>
  <testcase name="verifyChangedPassword" time="194.32" classname="Plumber.tests.Test_ChangePassword"/>
  <testcase name="verifyEditProfile" time="47.155" classname="Plumber.tests.Test_EditProfile"/>
  <testcase name="verifyFinishJobOnPlumberUnavailability" time="87.303" classname="Plumber.tests.Test_NoJobsAssigned">
    <failure type="org.openqa.selenium.NoSuchElementException" message="An element could not be located on the page using the given search parameters. (WARNING: The server did not provide any stacktrace information)
Command duration or timeout: 80.08 seconds
For documentation on this error, please visit: http://seleniumhq.org/exceptions/no_such_element.html
Build info: version: &amp;apos;2.47.1&amp;apos;, revision: &amp;apos;unknown&amp;apos;, time: &amp;apos;2015-07-30 11:02:44&amp;apos;
System info: host: &amp;apos;ULTP_336&amp;apos;, ip: &amp;apos;172.25.36.15&amp;apos;, os.name: &amp;apos;Windows 7&amp;apos;, os.arch: &amp;apos;amd64&amp;apos;, os.version: &amp;apos;6.1&amp;apos;, java.version: &amp;apos;1.7.0_55&amp;apos;
*** Element info: {Using=id, value=android:id/message}
Session ID: 3e60efed-9d4f-41b7-ab55-32b5955042a5
Driver info: io.appium.java_client.android.AndroidDriver
Capabilities [{platform=LINUX, app=F:\Knowledge Base\Appium\workspaceAppium\PunePlumber\fileApk\PunePlumbers.apk, javascriptEnabled=true, appActivity=com.peninsula.plumber.activity.SplashScreenActivity, browserName=Android, networkConnectionEnabled=true, desired={app=F:\Knowledge Base\Appium\workspaceAppium\PunePlumber\fileApk\PunePlumbers.apk, deviceName=ZX1D629BD6, platformName=Android, VERSION=5.0.1, appActivity=com.peninsula.plumber.activity.SplashScreenActivity, appPackage=com.peninsula.plumber, BROWSER_NAME=Android}, locationContextEnabled=false, appPackage=com.peninsula.plumber, BROWSER_NAME=Android, platformVersion=5.0.2, databaseEnabled=false, deviceName=ZX1D629BD6, platformName=Android, VERSION=5.0.1, webStorageEnabled=false, warnings={}, takesScreenshot=true}]">
      <![CDATA[org.openqa.selenium.NoSuchElementException: An element could not be located on the page using the given search parameters. (WARNING: The server did not provide any stacktrace information)
Command duration or timeout: 80.08 seconds
For documentation on this error, please visit: http://seleniumhq.org/exceptions/no_such_element.html
Build info: version: '2.47.1', revision: 'unknown', time: '2015-07-30 11:02:44'
System info: host: 'ULTP_336', ip: '172.25.36.15', os.name: 'Windows 7', os.arch: 'amd64', os.version: '6.1', java.version: '1.7.0_55'
*** Element info: {Using=id, value=android:id/message}
Session ID: 3e60efed-9d4f-41b7-ab55-32b5955042a5
Driver info: io.appium.java_client.android.AndroidDriver
Capabilities [{platform=LINUX, app=F:\Knowledge Base\Appium\workspaceAppium\PunePlumber\fileApk\PunePlumbers.apk, javascriptEnabled=true, appActivity=com.peninsula.plumber.activity.SplashScreenActivity, browserName=Android, networkConnectionEnabled=true, desired={app=F:\Knowledge Base\Appium\workspaceAppium\PunePlumber\fileApk\PunePlumbers.apk, deviceName=ZX1D629BD6, platformName=Android, VERSION=5.0.1, appActivity=com.peninsula.plumber.activity.SplashScreenActivity, appPackage=com.peninsula.plumber, BROWSER_NAME=Android}, locationContextEnabled=false, appPackage=com.peninsula.plumber, BROWSER_NAME=Android, platformVersion=5.0.2, databaseEnabled=false, deviceName=ZX1D629BD6, platformName=Android, VERSION=5.0.1, webStorageEnabled=false, warnings={}, takesScreenshot=true}]
	at org.openqa.selenium.remote.ErrorHandler.createThrowable(ErrorHandler.java:206)
	at org.openqa.selenium.remote.ErrorHandler.throwIfResponseFailed(ErrorHandler.java:158)
	at org.openqa.selenium.remote.RemoteWebDriver.execute(RemoteWebDriver.java:595)
	at io.appium.java_client.DefaultGenericMobileDriver.execute(DefaultGenericMobileDriver.java:42)
	at io.appium.java_client.AppiumDriver.execute(AppiumDriver.java:1)
	at io.appium.java_client.android.AndroidDriver.execute(AndroidDriver.java:1)
	at org.openqa.selenium.remote.RemoteWebDriver.findElement(RemoteWebDriver.java:348)
	at org.openqa.selenium.remote.RemoteWebDriver.findElementById(RemoteWebDriver.java:389)
	at io.appium.java_client.DefaultGenericMobileDriver.findElementById(DefaultGenericMobileDriver.java:62)
	at io.appium.java_client.AppiumDriver.findElementById(AppiumDriver.java:1)
	at io.appium.java_client.android.AndroidDriver.findElementById(AndroidDriver.java:1)
	at org.openqa.selenium.By$ById.findElement(By.java:215)
	at org.openqa.selenium.remote.RemoteWebDriver.findElement(RemoteWebDriver.java:340)
	at io.appium.java_client.DefaultGenericMobileDriver.findElement(DefaultGenericMobileDriver.java:52)
	at io.appium.java_client.AppiumDriver.findElement(AppiumDriver.java:1)
	at io.appium.java_client.android.AndroidDriver.findElement(AndroidDriver.java:1)
	at org.openqa.selenium.support.pagefactory.DefaultElementLocator.findElement(DefaultElementLocator.java:69)
	at org.openqa.selenium.support.pagefactory.internal.LocatingElementHandler.invoke(LocatingElementHandler.java:38)
	at com.sun.proxy.$Proxy10.getText(Unknown Source)
	at Plumber.pages.PendingJobsPage.getErrorMsg(PendingJobsPage.java:94)
	at Plumber.tests.Test_NoJobsAssigned.verifyFinishJobOnPlumberUnavailability(Test_NoJobsAssigned.java:34)
... Removed 28 stack frames]]>
    </failure>
  </testcase> <!-- verifyFinishJobOnPlumberUnavailability -->
</testsuite> <!-- LoginLogout -->
