<?xml version="1.0" encoding="UTF-8"?>
<!-- Generated by org.testng.reporters.JUnitXMLReporter -->
<testsuite hostname="ULTP_336" name="Pune_Plumber_Tests" tests="18" failures="1" timestamp="2 Nov 2015 07:31:37 GMT" time="699.723" errors="0">
  <testcase name="loginTest" time="57.846" classname="com.plumber.tests.Test_Login"/>
  <testcase name="verifyEditProfile" time="46.441" classname="com.plumber.tests.Test_EditProfile"/>
  <testcase name="verifyEditProfile" time="42.277" classname="com.plumber.tests.Test_EditProfile"/>
  <testcase name="verifyEditProfile" time="41.767" classname="com.plumber.tests.Test_EditProfile"/>
  <testcase name="verifyChangedPassword" time="84.598" classname="com.plumber.tests.Test_ChangePassword"/>
  <testcase name="verifyJobCount" time="8.435" classname="com.plumber.tests.Test_JobCount"/>
  <testcase name="verifyStartJobOnPlumberUnavailability" time="36.722" classname="com.plumber.tests.Test_PlumberUnavailability"/>
  <testcase name="verifyFinishJobOnPlumberUnavailability" time="32.738" classname="com.plumber.tests.Test_PlumberUnavailability"/>
  <testcase name="verifySkipingNormalJob" time="18.726" classname="com.plumber.tests.Test_PendingJobs"/>
  <testcase name="verifySkipingPriorityJob" time="9.711" classname="com.plumber.tests.Test_PendingJobs"/>
  <testcase name="verifyAcceptingJob" time="20.405" classname="com.plumber.tests.Test_PendingJobs"/>
  <testcase name="verifyAcceptJobBeforeCompletingPrevious" time="13.123" classname="com.plumber.tests.Test_PendingJobs"/>
  <testcase name="verifyCompletingCurrentJob" time="35.99" classname="com.plumber.tests.Test_currentJob"/>
  <testcase name="verifyCurrentJobForCompletedJob" time="4.21" classname="com.plumber.tests.Test_currentJob"/>
  <testcase name="verifyFeedbackWithInvalidSecretKey" time="22.442" classname="com.plumber.tests.Test_Feedback"/>
  <testcase name="verifyFeedbackWithValidSecretKey" time="14.792" classname="com.plumber.tests.Test_Feedback"/>
  <testcase name="verifyWorkHistoryForPlumber" time="63.244" classname="com.plumber.tests.Test_WorkHistory">
    <failure type="java.lang.AssertionError" message="Work history is not displayed for mentioned customer expected [Amit Jahagirdar] but found [TestFailure]">
      <![CDATA[java.lang.AssertionError: Work history is not displayed for mentioned customer expected [Amit Jahagirdar] but found [TestFailure]
	at com.plumber.tests.Test_WorkHistory.verifyWorkHistoryForPlumber(Test_WorkHistory.java:66)
... Removed 28 stack frames]]>
    </failure>
  </testcase> <!-- verifyWorkHistoryForPlumber -->
  <testcase name="logoutTest" time="8.37" classname="com.plumber.tests.Test_Logout"/>
</testsuite> <!-- Pune_Plumber_Tests -->
